生成启动时间为 2014/3/17 14:34:00。
     1>项目“D:\ZZ\C++学习\ZJ\DemoA\DemoA.vcxproj”在节点 2 上(build 个目标)。
     1>InitializeBuildStatus:
         正在创建“Debug\DemoA.unsuccessfulbuild”，因为已指定“AlwaysCreate”。
       ClCompile:
         C:\Program Files (x86)\Microsoft Visual Studio 10.0\VC\bin\CL.exe /c /I"D:\ZZ\C++学习\ZJ\Base" /I"D:\ZZ\C++学习\ZJ\NetFrame" /ZI /nologo /W3 /WX- /Od /Oy- /D _MBCS /Gm /EHsc /RTC1 /MDd /GS /fp:precise /Zc:wchar_t /Zc:forScope /Fo"Debug\\" /Fd"Debug\vc100.pdb" /Gd /TP /analyze- /errorReport:prompt A.cpp
         A.cpp
       Link:
         C:\Program Files (x86)\Microsoft Visual Studio 10.0\VC\bin\link.exe /ERRORREPORT:PROMPT /OUT:"D:\ZZ\C++学习\ZJ\Debug\DemoA.exe" /NOLOGO kernel32.lib user32.lib gdi32.lib winspool.lib comdlg32.lib advapi32.lib shell32.lib ole32.lib oleaut32.lib uuid.lib odbc32.lib odbccp32.lib /MANIFEST /ManifestFile:"Debug\DemoA.exe.intermediate.manifest" /MANIFESTUAC:"level='asInvoker' uiAccess='false'" /DEBUG /PDB:"D:\ZZ\C++学习\ZJ\Debug\DemoA.pdb" /TLBID:1 /DYNAMICBASE /NXCOMPAT /IMPLIB:"D:\ZZ\C++学习\ZJ\Debug\DemoA.lib" /MACHINE:X86 Debug\A.obj
         Debug\Actrl.obj
         LINK : 没有找到 D:\ZZ\C++学习\ZJ\Debug\DemoA.exe 或上一个增量链接没有生成它；正在执行完全链接
         DemoA.vcxproj -> D:\ZZ\C++学习\ZJ\Debug\DemoA.exe
       Manifest:
         C:\Program Files (x86)\Microsoft SDKs\Windows\v7.0A\bin\mt.exe /nologo /verbose /outputresource:"D:\ZZ\C++学习\ZJ\Debug\DemoA.exe;#1" /manifest Debug\DemoA.exe.intermediate.manifest
       FinalizeBuildStatus:
         正在删除文件“Debug\DemoA.unsuccessfulbuild”。
         正在对“Debug\DemoA.lastbuildstate”执行 Touch 任务。
     1>已完成生成项目“D:\ZZ\C++学习\ZJ\DemoA\DemoA.vcxproj”(build 个目标)的操作。

生成成功。

已用时间 00:00:02.43
