生成启动时间为 2014/3/17 9:34:12。
     1>项目“D:\ZZ\C++学习\ZJ\DemoB\DemoB.vcxproj”在节点 2 上(rebuild 个目标)。
     1>_PrepareForClean:
         正在删除文件“Debug\DemoB.lastbuildstate”。
       InitializeBuildStatus:
         正在创建“Debug\DemoB.unsuccessfulbuild”，因为已指定“AlwaysCreate”。
       ClCompile:
         C:\Program Files (x86)\Microsoft Visual Studio 10.0\VC\bin\CL.exe /c /I"D:\ZZ\C++学习\ZJ\Base" /ZI /nologo /W3 /WX- /Od /Oy- /D _MBCS /Gm /EHsc /RTC1 /MDd /GS /fp:precise /Zc:wchar_t /Zc:forScope /Fo"Debug\\" /Fd"Debug\vc100.pdb" /Gd /TP /analyze- /errorReport:prompt B.cpp Bctrl.cpp
         Bctrl.cpp
         B.cpp
         正在生成代码...
       Link:
         C:\Program Files (x86)\Microsoft Visual Studio 10.0\VC\bin\link.exe /ERRORREPORT:PROMPT /OUT:"D:\ZZ\C++学习\ZJ\Debug\DemoB.exe" /NOLOGO kernel32.lib user32.lib gdi32.lib winspool.lib comdlg32.lib advapi32.lib shell32.lib ole32.lib oleaut32.lib uuid.lib odbc32.lib odbccp32.lib /MANIFEST /ManifestFile:"Debug\DemoB.exe.intermediate.manifest" /MANIFESTUAC:"level='asInvoker' uiAccess='false'" /DEBUG /PDB:"D:\ZZ\C++学习\ZJ\Debug\DemoB.pdb" /TLBID:1 /DYNAMICBASE /NXCOMPAT /IMPLIB:"D:\ZZ\C++学习\ZJ\Debug\DemoB.lib" /MACHINE:X86 Debug\B.obj
         Debug\Bctrl.obj
         DemoB.vcxproj -> D:\ZZ\C++学习\ZJ\Debug\DemoB.exe
       Manifest:
         C:\Program Files (x86)\Microsoft SDKs\Windows\v7.0A\bin\mt.exe /nologo /verbose /outputresource:"D:\ZZ\C++学习\ZJ\Debug\DemoB.exe;#1" /manifest Debug\DemoB.exe.intermediate.manifest
       FinalizeBuildStatus:
         正在删除文件“Debug\DemoB.unsuccessfulbuild”。
         正在对“Debug\DemoB.lastbuildstate”执行 Touch 任务。
     1>已完成生成项目“D:\ZZ\C++学习\ZJ\DemoB\DemoB.vcxproj”(rebuild 个目标)的操作。

生成成功。

已用时间 00:00:03.48
